<?xml version="1.0" encoding="UTF-8"?>
<!-- Generated by org.testng.reporters.JUnitReportReporter -->
<testsuite hostname="DESKTOP-DL1SV8R" failures="0" tests="3" name="Runner.Runcuke" time="0.082" errors="0" timestamp="2023-07-10T23:44:28 IST" skipped="0">
  <testcase classname="Runner.Runcuke" name="runScenario" time="0.009"/>
  <system-out/>
  <testcase classname="Runner.Runcuke" name="runScenario" time="0.004"/>
  <system-out/>
  <testcase classname="Runner.Runcuke" name="runScenario" time="0.069"/>
  <system-out/>
</testsuite> <!-- Runner.Runcuke -->
